<?xml version="1.0" encoding="UTF-8"?>
<testng-results ignored="0" total="1" passed="1" failed="0" skipped="0">
  <reporter-output>
  </reporter-output>
  <suite started-at="2024-02-13T14:56:34 IST" name="Default suite" finished-at="2024-02-13T14:57:38 IST" duration-ms="63753">
    <groups>
    </groups>
    <test started-at="2024-02-13T14:56:34 IST" name="Default test" finished-at="2024-02-13T14:57:38 IST" duration-ms="63753">
      <class name="TestPackage.Scenario1Validation">
        <test-method is-config="true" signature="Extent()[pri:0, instance:TestPackage.Scenario1Validation@5b8dfcc1]" started-at="2024-02-13T14:56:34 IST" name="Extent" finished-at="2024-02-13T14:56:34 IST" duration-ms="294" status="PASS">
          <reporter-output>
          </reporter-output>
        </test-method> <!-- Extent -->
        <test-method signature="TableDataValidation(java.util.HashMap)[pri:0, instance:TestPackage.Scenario1Validation@5b8dfcc1]" started-at="2024-02-13T14:56:34 IST" name="TableDataValidation" data-provider="data" finished-at="2024-02-13T14:57:37 IST" duration-ms="63090" status="PASS">
          <params>
            <param index="0">
              <value>
                <![CDATA[{password=QApassword123$, ChargebacksPageURL=https://app.tryloop.ai/chargebacks/stores/view, URL=https://app.tryloop.ai/login/password, username=qa-engineer-assignment@test.com}]]>
              </value>
            </param>
          </params>
          <reporter-output>
          </reporter-output>
        </test-method> <!-- TableDataValidation -->
        <test-method is-config="true" signature="TearDown()[pri:0, instance:TestPackage.Scenario1Validation@5b8dfcc1]" started-at="2024-02-13T14:57:37 IST" name="TearDown" finished-at="2024-02-13T14:57:38 IST" duration-ms="143" status="PASS">
          <reporter-output>
          </reporter-output>
        </test-method> <!-- TearDown -->
      </class> <!-- TestPackage.Scenario1Validation -->
    </test> <!-- Default test -->
  </suite> <!-- Default suite -->
</testng-results>
